<?xml version="1.0" encoding="UTF-8"?>
<!-- Generated by org.testng.reporters.JUnitXMLReporter -->
<testsuite ignored="1" hostname="Ramya" failures="0" tests="4" name="Default test" time="44.86" errors="0" timestamp="2024-08-27T15:40:01 IST">
  <testcase classname="Demo1.orangeHRM" name="loginTest" time="2.813"/>
  <testcase classname="Demo1.orangeHRM" name="addEmployee" time="11.275"/>
  <testcase classname="Demo1.orangeHRM" name="searchEmployee" time="6.165"/>
  <testcase classname="Demo1.orangeHRM" name="deleteEmployee" time="8.836"/>
  <testcase classname="Demo1.orangeHRM" name="loginTestWithInvalidCredentials" time="0.0">
    <ignored/>
  </testcase> <!-- loginTestWithInvalidCredentials -->
</testsuite> <!-- Default test -->
