<?xml version="1.0" encoding="UTF-8"?>
<!-- Generated by org.testng.reporters.JUnitXMLReporter -->
<testsuite ignored="2" hostname="Ramya" failures="0" tests="5" name="Default test" time="110.184" errors="0" timestamp="2024-08-30T19:49:47 IST">
  <testcase classname="Demo1.OrangeHRMTest" name="loginTest" time="2.267"/>
  <testcase classname="Demo1.OrangeHRMTest" name="addEmployee" time="9.095"/>
  <testcase classname="Demo1.OrangeHRMTest" name="searchEmployee" time="3.445"/>
  <testcase classname="Demo1.OrangeHRMTest" name="listEmployee" time="63.399"/>
  <testcase classname="Demo1.OrangeHRMTest" name="applyLeave" time="12.943"/>
  <testcase classname="Demo1.OrangeHRMTest" name="deleteEmployee" time="0.0">
    <ignored/>
  </testcase> <!-- deleteEmployee -->
  <testcase classname="Demo1.OrangeHRMTest" name="loginTestWithInvalidCredentials" time="0.0">
    <ignored/>
  </testcase> <!-- loginTestWithInvalidCredentials -->
</testsuite> <!-- Default test -->
