<?xml version="1.0" encoding="UTF-8"?>
<testng-results ignored="1" total="5" passed="4" failed="0" skipped="0">
  <reporter-output>
  </reporter-output>
  <suite started-at="2024-08-27T15:39:16 IST" name="Default suite" finished-at="2024-08-27T15:40:01 IST" duration-ms="44860">
    <groups>
    </groups>
    <test started-at="2024-08-27T15:39:16 IST" name="Default test" finished-at="2024-08-27T15:40:01 IST" duration-ms="44860">
      <class name="Demo1.orangeHRM">
        <test-method is-config="true" signature="setUp()[pri:0, instance:Demo1.orangeHRM@4c371370]" started-at="2024-08-27T15:39:16 IST" name="setUp" finished-at="2024-08-27T15:39:29 IST" duration-ms="12672" status="PASS">
          <reporter-output>
          </reporter-output>
        </test-method> <!-- setUp -->
        <test-method signature="loginTest()[pri:2, instance:Demo1.orangeHRM@4c371370]" started-at="2024-08-27T15:39:29 IST" name="loginTest" finished-at="2024-08-27T15:39:32 IST" duration-ms="2813" status="PASS">
          <reporter-output>
          </reporter-output>
        </test-method> <!-- loginTest -->
        <test-method signature="addEmployee()[pri:3, instance:Demo1.orangeHRM@4c371370]" started-at="2024-08-27T15:39:32 IST" name="addEmployee" finished-at="2024-08-27T15:39:43 IST" duration-ms="11275" status="PASS">
          <reporter-output>
          </reporter-output>
        </test-method> <!-- addEmployee -->
        <test-method signature="searchEmployee()[pri:4, instance:Demo1.orangeHRM@4c371370]" started-at="2024-08-27T15:39:43 IST" name="searchEmployee" finished-at="2024-08-27T15:39:49 IST" duration-ms="6165" status="PASS">
          <reporter-output>
          </reporter-output>
        </test-method> <!-- searchEmployee -->
        <test-method signature="deleteEmployee()[pri:5, instance:Demo1.orangeHRM@4c371370]" started-at="2024-08-27T15:39:49 IST" name="deleteEmployee" finished-at="2024-08-27T15:39:58 IST" duration-ms="8836" status="PASS">
          <reporter-output>
          </reporter-output>
        </test-method> <!-- deleteEmployee -->
        <test-method is-config="true" signature="tearDown()[pri:0, instance:Demo1.orangeHRM@4c371370]" started-at="2024-08-27T15:39:58 IST" name="tearDown" finished-at="2024-08-27T15:40:01 IST" duration-ms="3003" status="PASS">
          <reporter-output>
          </reporter-output>
        </test-method> <!-- tearDown -->
      </class> <!-- Demo1.orangeHRM -->
    </test> <!-- Default test -->
  </suite> <!-- Default suite -->
</testng-results>
