<?xml version="1.0" encoding="UTF-8"?>
<testng-results ignored="2" total="7" passed="5" failed="0" skipped="0">
  <reporter-output>
  </reporter-output>
  <suite started-at="2024-08-30T19:47:57 IST" name="Default suite" finished-at="2024-08-30T19:49:47 IST" duration-ms="110184">
    <groups>
    </groups>
    <test started-at="2024-08-30T19:47:57 IST" name="Default test" finished-at="2024-08-30T19:49:47 IST" duration-ms="110184">
      <class name="Demo1.OrangeHRMTest">
        <test-method is-config="true" signature="setUp()[pri:0, instance:Demo1.OrangeHRMTest@3023df74]" started-at="2024-08-30T19:47:57 IST" name="setUp" finished-at="2024-08-30T19:48:14 IST" duration-ms="16570" status="PASS">
          <reporter-output>
          </reporter-output>
        </test-method> <!-- setUp -->
        <test-method signature="loginTest()[pri:2, instance:Demo1.OrangeHRMTest@3023df74]" started-at="2024-08-30T19:48:14 IST" name="loginTest" finished-at="2024-08-30T19:48:16 IST" duration-ms="2267" status="PASS">
          <reporter-output>
          </reporter-output>
        </test-method> <!-- loginTest -->
        <test-method signature="addEmployee()[pri:3, instance:Demo1.OrangeHRMTest@3023df74]" started-at="2024-08-30T19:48:16 IST" name="addEmployee" finished-at="2024-08-30T19:48:25 IST" duration-ms="9095" status="PASS">
          <reporter-output>
          </reporter-output>
        </test-method> <!-- addEmployee -->
        <test-method signature="searchEmployee()[pri:4, instance:Demo1.OrangeHRMTest@3023df74]" started-at="2024-08-30T19:48:25 IST" name="searchEmployee" finished-at="2024-08-30T19:48:29 IST" duration-ms="3445" status="PASS">
          <reporter-output>
          </reporter-output>
        </test-method> <!-- searchEmployee -->
        <test-method signature="listEmployee()[pri:6, instance:Demo1.OrangeHRMTest@3023df74]" started-at="2024-08-30T19:48:29 IST" name="listEmployee" finished-at="2024-08-30T19:49:32 IST" duration-ms="63399" status="PASS">
          <reporter-output>
          </reporter-output>
        </test-method> <!-- listEmployee -->
        <test-method signature="applyLeave()[pri:7, instance:Demo1.OrangeHRMTest@3023df74]" started-at="2024-08-30T19:49:32 IST" name="applyLeave" finished-at="2024-08-30T19:49:45 IST" duration-ms="12943" status="PASS">
          <reporter-output>
          </reporter-output>
        </test-method> <!-- applyLeave -->
        <test-method is-config="true" signature="tearDown()[pri:0, instance:Demo1.OrangeHRMTest@3023df74]" started-at="2024-08-30T19:49:45 IST" name="tearDown" finished-at="2024-08-30T19:49:47 IST" duration-ms="2366" status="PASS">
          <reporter-output>
          </reporter-output>
        </test-method> <!-- tearDown -->
      </class> <!-- Demo1.OrangeHRMTest -->
    </test> <!-- Default test -->
  </suite> <!-- Default suite -->
</testng-results>
